<?xml version="1.0" encoding="UTF-8"?>
<!-- Generated by org.testng.reporters.JUnitReportReporter -->
<testsuite hostname="DESKTOP-PJTLFA3" failures="0" tests="2" name="baseClass.DataProviderTest" time="0.006" errors="0" timestamp="2024-02-23T09:14:19 IST" skipped="0">
  <testcase classname="baseClass.DataProviderTest" name="getData" time="0.000"/>
  <system-out/>
  <testcase classname="baseClass.DataProviderTest" name="getData" time="0.006"/>
  <system-out/>
</testsuite> <!-- baseClass.DataProviderTest -->
