<?xml version="1.0" encoding="UTF-8"?>
<!-- Generated by org.testng.reporters.JUnitReportReporter -->
<testsuite hostname="DESKTOP-PJTLFA3" failures="0" tests="4" name="baseClass.WorkingWithExcel" time="48.330" errors="0" timestamp="2024-02-24T18:12:36 IST" skipped="0">
  <testcase classname="baseClass.WorkingWithExcel" name="LoginTest" time="13.458"/>
  <system-out/>
  <testcase classname="baseClass.WorkingWithExcel" name="LoginTest" time="10.720"/>
  <system-out/>
  <testcase classname="baseClass.WorkingWithExcel" name="LoginTest" time="13.834"/>
  <system-out/>
  <testcase classname="baseClass.WorkingWithExcel" name="LoginTest" time="10.318"/>
  <system-out/>
</testsuite> <!-- baseClass.WorkingWithExcel -->
