<?xml version="1.0" encoding="UTF-8"?>
<!-- Generated by org.testng.reporters.JUnitReportReporter -->
<testsuite hostname="DESKTOP-PJTLFA3" failures="0" tests="1" name="testClasses.TestAnnotation" time="0.007" errors="0" timestamp="2024-02-16T09:31:40 IST" skipped="0">
  <testcase classname="testClasses.TestAnnotation" name="Test01" time="0.007"/>
  <system-out/>
</testsuite> <!-- testClasses.TestAnnotation -->
