<?xml version="1.0" encoding="UTF-8"?>
<!-- Generated by org.testng.reporters.JUnitReportReporter -->
<testsuite hostname="DESKTOP-PJTLFA3" failures="0" tests="1" name="testClasses.ExplicitWaitInSelenium" time="10.472" errors="0" timestamp="2024-02-27T09:03:13 IST" skipped="0">
  <testcase classname="testClasses.ExplicitWaitInSelenium" name="ImplicitWaitMechanism" time="10.472"/>
  <system-out/>
</testsuite> <!-- testClasses.ExplicitWaitInSelenium -->
