<?xml version="1.0" encoding="UTF-8"?>
<!-- Generated by org.testng.reporters.JUnitReportReporter -->
<testsuite hostname="DESKTOP-PJTLFA3" failures="0" tests="1" name="testClasses.ImplicitWaitInSelenium" time="10.904" errors="0" timestamp="2024-02-27T08:52:04 IST" skipped="0">
  <testcase classname="testClasses.ImplicitWaitInSelenium" name="ImplicitWaitMechanism" time="10.904"/>
  <system-out/>
</testsuite> <!-- testClasses.ImplicitWaitInSelenium -->
