<?xml version="1.0" encoding="UTF-8"?>
<!-- Generated by org.testng.reporters.JUnitReportReporter -->
<testsuite hostname="DESKTOP-PJTLFA3" failures="0" tests="1" name="WorkingWithExcel" time="0.520" errors="0" timestamp="2024-02-22T12:04:06 IST" skipped="0">
  <testcase classname="WorkingWithExcel" name="ExcelUtil" time="0.520"/>
  <system-out/>
</testsuite> <!-- WorkingWithExcel -->
