<?xml version="1.0" encoding="UTF-8"?>
<!-- Generated by org.testng.reporters.JUnitReportReporter -->
<testsuite hostname="DESKTOP-PJTLFA3" failures="0" tests="1" name="testClasses.LoginTest" time="4.905" errors="0" timestamp="2024-03-05T09:39:25 IST" skipped="0">
  <testcase classname="testClasses.LoginTest" name="LoginPageTest" time="4.905"/>
  <system-out/>
</testsuite> <!-- testClasses.LoginTest -->
